#
# A fatal error has been detected by the Java Runtime Environment:
#
#  EXCEPTION_ACCESS_VIOLATION (0xc0000005) at pc=0x000000000316777d, pid=3700, tid=2520
#
# JRE version: Java(TM) SE Runtime Environment (8.0_73-b02) (build 1.8.0_73-b02)
# Java VM: Java HotSpot(TM) 64-Bit Server VM (25.73-b02 mixed mode windows-amd64 compressed oops)
# Problematic frame:
# J 1944 C1 com.android.dx.dex.code.OutputFinisher.getAllConstants()Ljava/util/HashSet; (47 bytes) @ 0x000000000316777d [0x00000000031671c0+0x5bd]
#
# Failed to write core dump. Minidumps are not enabled by default on client versions of Windows
#
# If you would like to submit a bug report, please visit:
#   http://bugreport.java.com/bugreport/crash.jsp
#

---------------  T H R E A D  ---------------

Current thread (0x0000000056cce800):  JavaThread "pool-1-thread-1" [_thread_in_Java, id=2520, stack(0x00000000575c0000,0x00000000576c0000)]

siginfo: ExceptionCode=0xc0000005, reading address 0x00000000ea863db8

Registers:
RAX=0x00000000ea863db0, RBX=0x0000000000006541, RCX=0x00000000c063f580, RDX=0x00000000eb925558
RSP=0x00000000576bec40, RBP=0x00000000576bee08, RSI=0x0000000000002ee0, RDI=0x000000001482c460
R8 =0x000000000000005f, R9 =0x00000000c083e818, R10=0x00000000ea863db0, R11=0x0000000000000060
R12=0x0000000000000000, R13=0x00000000eb9255c8, R14=0x0000000000000000, R15=0x0000000056cce800
RIP=0x000000000316777d, EFLAGS=0x0000000000010202

Top of Stack: (sp=0x00000000576bec40)
0x00000000576bec40:   0000000054c6bea0 0000000000000000
0x00000000576bec50:   00000000576bec70 00000000576bee08
0x00000000576bec60:   00000000576bee08 00000000031663ac
0x00000000576bec70:   00000000eef9f480 00000000eb8bc0a8
0x00000000576bec80:   0000000000000011 0000000000000000
0x00000000576bec90:   00000000576bee08 00000000031647a4
0x00000000576beca0:   00000000576becf0 0000000054bc77b8
0x00000000576becb0:   00000000576bee08 00000000c0138bb8
0x00000000576becc0:   00000000eb925528 00000000eb925518
0x00000000576becd0:   00000000c083daa8 00000000eb925558
0x00000000576bece0:   00000000eb8bc0a8 00000000eef9f480
0x00000000576becf0:   00000000576bee08 000000000316c984
0x00000000576bed00:   0000000000000000 0000000056cce800
0x00000000576bed10:   0000000000000490 0000000054bbe0ea
0x00000000576bed20:   00000000576bee08 000000007429b7a5
0x00000000576bed30:   0000000002907c00 00000000029074e5 

Instructions: (pc=0x000000000316777d)
0x000000000316775d:   dc df 54 00 00 00 00 81 8e c0 01 00 00 00 01 00
0x000000000316776d:   00 e9 b9 00 00 00 48 bf 60 c4 82 14 00 00 00 00
0x000000000316777d:   8b 70 08 48 3b 7e 30 0f 85 86 00 00 00 48 be 78
0x000000000316778d:   dc df 54 00 00 00 00 8b 78 08 48 3b be d0 01 00 


Register to memory mapping:

RAX=0x00000000ea863db0 is an unallocated location in the heap
RBX=0x0000000000006541 is an unknown value
RCX=0x00000000c063f580 is an oop
com.android.dx.rop.cst.CstString 
 - klass: 'com/android/dx/rop/cst/CstString'
RDX=0x00000000eb925558 is an oop
java.util.ArrayList$Itr 
 - klass: 'java/util/ArrayList$Itr'
RSP=0x00000000576bec40 is pointing into the stack for thread: 0x0000000056cce800
RBP=0x00000000576bee08 is pointing into the stack for thread: 0x0000000056cce800
RSI=0x0000000000002ee0 is an unknown value
RDI=0x000000001482c460 is pointing into metadata
R8 =0x000000000000005f is an unknown value
R9 =0x00000000c083e818 is an oop
[Ljava.lang.Object; 
 - klass: 'java/lang/Object'[]
 - length: 874
R10=0x00000000ea863db0 is an unallocated location in the heap
R11=0x0000000000000060 is an unknown value
R12=0x0000000000000000 is an unknown value
R13=0x00000000eb9255c8 is an unknown value
R14=0x0000000000000000 is an unknown value
R15=0x0000000056cce800 is a thread


Stack: [0x00000000575c0000,0x00000000576c0000],  sp=0x00000000576bec40,  free space=1019k
Native frames: (J=compiled Java code, j=interpreted, Vv=VM code, C=native code)
C  0x000000000316777d


---------------  P R O C E S S  ---------------

Java Threads: ( => current thread )
=>0x0000000056cce800 JavaThread "pool-1-thread-1" [_thread_in_Java, id=2520, stack(0x00000000575c0000,0x00000000576c0000)]
  0x0000000056a7d000 JavaThread "Service Thread" daemon [_thread_blocked, id=428, stack(0x0000000057220000,0x0000000057320000)]
  0x0000000056a01000 JavaThread "C1 CompilerThread2" daemon [_thread_blocked, id=3188, stack(0x0000000057040000,0x0000000057140000)]
  0x0000000056a00800 JavaThread "C2 CompilerThread1" daemon [_thread_in_native, id=3660, stack(0x0000000056ed0000,0x0000000056fd0000)]
  0x0000000055192800 JavaThread "C2 CompilerThread0" daemon [_thread_blocked, id=3144, stack(0x0000000056900000,0x0000000056a00000)]
  0x000000005519f800 JavaThread "Attach Listener" daemon [_thread_blocked, id=4088, stack(0x0000000056700000,0x0000000056800000)]
  0x000000005519e000 JavaThread "Signal Dispatcher" daemon [_thread_blocked, id=2300, stack(0x0000000056530000,0x0000000056630000)]
  0x0000000055131000 JavaThread "Finalizer" daemon [_thread_blocked, id=2912, stack(0x0000000056220000,0x0000000056320000)]
  0x000000005512f800 JavaThread "Reference Handler" daemon [_thread_blocked, id=3348, stack(0x00000000563e0000,0x00000000564e0000)]
  0x000000000222e000 JavaThread "main" [_thread_blocked, id=3552, stack(0x0000000002530000,0x0000000002630000)]

Other Threads:
  0x000000005512a000 VMThread [stack: 0x0000000056110000,0x0000000056210000] [id=1728]
  0x0000000056a86000 WatcherThread [stack: 0x0000000057330000,0x0000000057430000] [id=2492]

VM state:not at safepoint (normal execution)

VM Mutex/Monitor currently owned by a thread: None

Heap:
 PSYoungGen      total 68096K, used 17212K [0x00000000eab00000, 0x00000000ef000000, 0x0000000100000000)
  eden space 65536K, 22% used [0x00000000eab00000,0x00000000eb94f268,0x00000000eeb00000)
  from space 2560K, 100% used [0x00000000eed80000,0x00000000ef000000,0x00000000ef000000)
  to   space 2560K, 0% used [0x00000000eeb00000,0x00000000eeb00000,0x00000000eed80000)
 ParOldGen       total 44032K, used 12911K [0x00000000c0000000, 0x00000000c2b00000, 0x00000000eab00000)
  object space 44032K, 29% used [0x00000000c0000000,0x00000000c0c9bc90,0x00000000c2b00000)
 Metaspace       used 6393K, capacity 7158K, committed 7296K, reserved 1056768K
  class space    used 609K, capacity 622K, committed 640K, reserved 1048576K

Card table byte_map: [0x0000000011cc0000,0x0000000011ed0000] byte_map_base: 0x00000000116c0000

Marking Bits: (ParMarkBitMap*) 0x00000000749f0600
 Begin Bits: [0x00000000125a0000, 0x00000000135a0000)
 End Bits:   [0x00000000135a0000, 0x00000000145a0000)

Polling page: 0x00000000001c0000

CodeCache: size=245760Kb used=8638Kb max_used=8653Kb free=237121Kb
 bounds [0x0000000002900000, 0x0000000003180000, 0x0000000011900000]
 total_blobs=2227 nmethods=1957 adapters=182
 compilation: enabled

Compilation events (10 events):
Event: 14.574 Thread 0x0000000055192800 nmethod 1948 0x0000000003171110 code [0x00000000031712c0, 0x0000000003171a98]
Event: 14.574 Thread 0x0000000055192800 1952       4       java.util.HashMap::getNode (148 bytes)
Event: 14.585 Thread 0x0000000055192800 nmethod 1952 0x0000000003172090 code [0x0000000003172220, 0x00000000031729b8]
Event: 14.585 Thread 0x0000000055192800 1949       4       java.util.HashMap::put (13 bytes)
Event: 14.595 Thread 0x0000000056a01000 1955       3       java.util.HashMap::keySet (27 bytes)
Event: 14.595 Thread 0x0000000056a01000 nmethod 1955 0x000000000316aed0 code [0x000000000316b060, 0x000000000316b410]
Event: 14.595 Thread 0x0000000056a01000 1956       3       java.util.HashMap$KeySet::iterator (12 bytes)
Event: 14.596 Thread 0x0000000056a01000 nmethod 1956 0x0000000003164b50 code [0x0000000003164cc0, 0x0000000003164f28]
Event: 14.597 Thread 0x0000000056a01000 1957       3       com.android.dx.dex.file.DebugInfoItem::<init> (36 bytes)
Event: 14.598 Thread 0x0000000056a01000 nmethod 1957 0x0000000003164590 code [0x0000000003164700, 0x00000000031649d8]

GC Heap History (8 events):
Event: 1.068 GC heap before
{Heap before GC invocations=1 (full 0):
 PSYoungGen      total 18944K, used 16384K [0x00000000eab00000, 0x00000000ec000000, 0x0000000100000000)
  eden space 16384K, 100% used [0x00000000eab00000,0x00000000ebb00000,0x00000000ebb00000)
  from space 2560K, 0% used [0x00000000ebd80000,0x00000000ebd80000,0x00000000ec000000)
  to   space 2560K, 0% used [0x00000000ebb00000,0x00000000ebb00000,0x00000000ebd80000)
 ParOldGen       total 44032K, used 0K [0x00000000c0000000, 0x00000000c2b00000, 0x00000000eab00000)
  object space 44032K, 0% used [0x00000000c0000000,0x00000000c0000000,0x00000000c2b00000)
 Metaspace       used 5443K, capacity 6448K, committed 6528K, reserved 1056768K
  class space    used 589K, capacity 616K, committed 640K, reserved 1048576K
Event: 2.168 GC heap after
Heap after GC invocations=1 (full 0):
 PSYoungGen      total 18944K, used 2532K [0x00000000eab00000, 0x00000000ed000000, 0x0000000100000000)
  eden space 16384K, 0% used [0x00000000eab00000,0x00000000eab00000,0x00000000ebb00000)
  from space 2560K, 98% used [0x00000000ebb00000,0x00000000ebd79050,0x00000000ebd80000)
  to   space 2560K, 0% used [0x00000000ecd80000,0x00000000ecd80000,0x00000000ed000000)
 ParOldGen       total 44032K, used 662K [0x00000000c0000000, 0x00000000c2b00000, 0x00000000eab00000)
  object space 44032K, 1% used [0x00000000c0000000,0x00000000c00a58d8,0x00000000c2b00000)
 Metaspace       used 5443K, capacity 6448K, committed 6528K, reserved 1056768K
  class space    used 589K, capacity 616K, committed 640K, reserved 1048576K
}
Event: 4.706 GC heap before
{Heap before GC invocations=2 (full 0):
 PSYoungGen      total 18944K, used 18916K [0x00000000eab00000, 0x00000000ed000000, 0x0000000100000000)
  eden space 16384K, 100% used [0x00000000eab00000,0x00000000ebb00000,0x00000000ebb00000)
  from space 2560K, 98% used [0x00000000ebb00000,0x00000000ebd79050,0x00000000ebd80000)
  to   space 2560K, 0% used [0x00000000ecd80000,0x00000000ecd80000,0x00000000ed000000)
 ParOldGen       total 44032K, used 662K [0x00000000c0000000, 0x00000000c2b00000, 0x00000000eab00000)
  object space 44032K, 1% used [0x00000000c0000000,0x00000000c00a58d8,0x00000000c2b00000)
 Metaspace       used 5975K, capacity 6896K, committed 7040K, reserved 1056768K
  class space    used 595K, capacity 616K, committed 640K, reserved 1048576K
Event: 4.992 GC heap after
Heap after GC invocations=2 (full 0):
 PSYoungGen      total 35328K, used 2528K [0x00000000eab00000, 0x00000000ed000000, 0x0000000100000000)
  eden space 32768K, 0% used [0x00000000eab00000,0x00000000eab00000,0x00000000ecb00000)
  from space 2560K, 98% used [0x00000000ecd80000,0x00000000ecff8028,0x00000000ed000000)
  to   space 2560K, 0% used [0x00000000ecb00000,0x00000000ecb00000,0x00000000ecd80000)
 ParOldGen       total 44032K, used 2316K [0x00000000c0000000, 0x00000000c2b00000, 0x00000000eab00000)
  object space 44032K, 5% used [0x00000000c0000000,0x00000000c0243128,0x00000000c2b00000)
 Metaspace       used 5975K, capacity 6896K, committed 7040K, reserved 1056768K
  class space    used 595K, capacity 616K, committed 640K, reserved 1048576K
}
Event: 9.369 GC heap before
{Heap before GC invocations=3 (full 0):
 PSYoungGen      total 35328K, used 35296K [0x00000000eab00000, 0x00000000ed000000, 0x0000000100000000)
  eden space 32768K, 100% used [0x00000000eab00000,0x00000000ecb00000,0x00000000ecb00000)
  from space 2560K, 98% used [0x00000000ecd80000,0x00000000ecff8028,0x00000000ed000000)
  to   space 2560K, 0% used [0x00000000ecb00000,0x00000000ecb00000,0x00000000ecd80000)
 ParOldGen       total 44032K, used 2316K [0x00000000c0000000, 0x00000000c2b00000, 0x00000000eab00000)
  object space 44032K, 5% used [0x00000000c0000000,0x00000000c0243128,0x00000000c2b00000)
 Metaspace       used 6237K, capacity 7088K, committed 7296K, reserved 1056768K
  class space    used 600K, capacity 616K, committed 640K, reserved 1048576K
Event: 9.436 GC heap after
Heap after GC invocations=3 (full 0):
 PSYoungGen      total 35328K, used 2560K [0x00000000eab00000, 0x00000000ef000000, 0x0000000100000000)
  eden space 32768K, 0% used [0x00000000eab00000,0x00000000eab00000,0x00000000ecb00000)
  from space 2560K, 100% used [0x00000000ecb00000,0x00000000ecd80000,0x00000000ecd80000)
  to   space 2560K, 0% used [0x00000000eed80000,0x00000000eed80000,0x00000000ef000000)
 ParOldGen       total 44032K, used 7518K [0x00000000c0000000, 0x00000000c2b00000, 0x00000000eab00000)
  object space 44032K, 17% used [0x00000000c0000000,0x00000000c07578d0,0x00000000c2b00000)
 Metaspace       used 6237K, capacity 7088K, committed 7296K, reserved 1056768K
  class space    used 600K, capacity 616K, committed 640K, reserved 1048576K
}
Event: 13.255 GC heap before
{Heap before GC invocations=4 (full 0):
 PSYoungGen      total 35328K, used 35328K [0x00000000eab00000, 0x00000000ef000000, 0x0000000100000000)
  eden space 32768K, 100% used [0x00000000eab00000,0x00000000ecb00000,0x00000000ecb00000)
  from space 2560K, 100% used [0x00000000ecb00000,0x00000000ecd80000,0x00000000ecd80000)
  to   space 2560K, 0% used [0x00000000eed80000,0x00000000eed80000,0x00000000ef000000)
 ParOldGen       total 44032K, used 7518K [0x00000000c0000000, 0x00000000c2b00000, 0x00000000eab00000)
  object space 44032K, 17% used [0x00000000c0000000,0x00000000c07578d0,0x00000000c2b00000)
 Metaspace       used 6303K, capacity 7152K, committed 7296K, reserved 1056768K
  class space    used 602K, capacity 616K, committed 640K, reserved 1048576K
Event: 13.272 GC heap after
Heap after GC invocations=4 (full 0):
 PSYoungGen      total 68096K, used 2560K [0x00000000eab00000, 0x00000000ef000000, 0x0000000100000000)
  eden space 65536K, 0% used [0x00000000eab00000,0x00000000eab00000,0x00000000eeb00000)
  from space 2560K, 100% used [0x00000000eed80000,0x00000000ef000000,0x00000000ef000000)
  to   space 2560K, 0% used [0x00000000eeb00000,0x00000000eeb00000,0x00000000eed80000)
 ParOldGen       total 44032K, used 12911K [0x00000000c0000000, 0x00000000c2b00000, 0x00000000eab00000)
  object space 44032K, 29% used [0x00000000c0000000,0x00000000c0c9bc90,0x00000000c2b00000)
 Metaspace       used 6303K, capacity 7152K, committed 7296K, reserved 1056768K
  class space    used 602K, capacity 616K, committed 640K, reserved 1048576K
}

Deoptimization events (10 events):
Event: 14.478 Thread 0x0000000056cce800 Uncommon trap: reason=bimorphic action=maybe_recompile pc=0x0000000002ba5210 method=java.util.HashMap.getNode(ILjava/lang/Object;)Ljava/util/HashMap$Node; @ 126
Event: 14.493 Thread 0x0000000056cce800 Uncommon trap: reason=class_check action=maybe_recompile pc=0x0000000002d51458 method=java.util.HashMap.putVal(ILjava/lang/Object;Ljava/lang/Object;ZZ)Ljava/lang/Object; @ 203
Event: 14.494 Thread 0x0000000056cce800 Uncommon trap: reason=class_check action=maybe_recompile pc=0x0000000002d51458 method=java.util.HashMap.putVal(ILjava/lang/Object;Ljava/lang/Object;ZZ)Ljava/lang/Object; @ 203
Event: 14.494 Thread 0x0000000056cce800 Uncommon trap: reason=class_check action=maybe_recompile pc=0x0000000002d51458 method=java.util.HashMap.putVal(ILjava/lang/Object;Ljava/lang/Object;ZZ)Ljava/lang/Object; @ 203
Event: 14.494 Thread 0x0000000056cce800 Uncommon trap: reason=class_check action=maybe_recompile pc=0x0000000002d51458 method=java.util.HashMap.putVal(ILjava/lang/Object;Ljava/lang/Object;ZZ)Ljava/lang/Object; @ 203
Event: 14.494 Thread 0x0000000056cce800 Uncommon trap: reason=class_check action=maybe_recompile pc=0x0000000002d53a44 method=java.util.HashMap.putVal(ILjava/lang/Object;Ljava/lang/Object;ZZ)Ljava/lang/Object; @ 203
Event: 14.513 Thread 0x0000000056cce800 Uncommon trap: reason=bimorphic action=maybe_recompile pc=0x000000000315e4a0 method=java.util.HashMap.putVal(ILjava/lang/Object;Ljava/lang/Object;ZZ)Ljava/lang/Object; @ 203
Event: 14.513 Thread 0x0000000056cce800 Uncommon trap: reason=bimorphic action=maybe_recompile pc=0x000000000315e4a0 method=java.util.HashMap.putVal(ILjava/lang/Object;Ljava/lang/Object;ZZ)Ljava/lang/Object; @ 203
Event: 14.513 Thread 0x0000000056cce800 Uncommon trap: reason=bimorphic action=maybe_recompile pc=0x000000000315e4a0 method=java.util.HashMap.putVal(ILjava/lang/Object;Ljava/lang/Object;ZZ)Ljava/lang/Object; @ 203
Event: 14.513 Thread 0x0000000056cce800 Uncommon trap: reason=bimorphic action=maybe_recompile pc=0x000000000315e4a0 method=java.util.HashMap.putVal(ILjava/lang/Object;Ljava/lang/Object;ZZ)Ljava/lang/Object; @ 203

Internal exceptions (4 events):
Event: 0.082 Thread 0x000000000222e000 Exception <a 'java/lang/NoSuchMethodError': Method sun.misc.Unsafe.defineClass(Ljava/lang/String;[BII)Ljava/lang/Class; name or signature does not match> (0x00000000eab0d350) thrown at [D:\re\puppet\workspace\8-2-build-windows-amd64-cygwin\jdk8u73\6086\hotNÓHæ´?
Event: 0.082 Thread 0x000000000222e000 Exception <a 'java/lang/NoSuchMethodError': Method sun.misc.Unsafe.prefetchRead(Ljava/lang/Object;J)V name or signature does not match> (0x00000000eab0d638) thrown at [D:\re\puppet\workspace\8-2-build-windows-amd64-cygwin\jdk8u73\6086\hotspot\src\share\vm\àiÚC³@
Event: 5.425 Thread 0x0000000056c5f800 Implicit null exception at 0x0000000002c2b296 to 0x0000000002c2caa5
Event: 5.426 Thread 0x0000000056c5f800 Implicit null exception at 0x0000000002c2177e to 0x0000000002c23115

Events (10 events):
Event: 14.513 Thread 0x0000000056cce800 DEOPT UNPACKING pc=0x000000000294582a sp=0x00000000576bea10 mode 2
Event: 14.513 Thread 0x0000000056cce800 Uncommon trap: trap_request=0xffffffc6 fr.pc=0x000000000315e4a0
Event: 14.513 Thread 0x0000000056cce800 DEOPT PACKING pc=0x000000000315e4a0 sp=0x00000000576beaf0
Event: 14.513 Thread 0x0000000056cce800 DEOPT UNPACKING pc=0x000000000294582a sp=0x00000000576bea10 mode 2
Event: 14.513 Thread 0x0000000056cce800 Uncommon trap: trap_request=0xffffffc6 fr.pc=0x000000000315e4a0
Event: 14.513 Thread 0x0000000056cce800 DEOPT PACKING pc=0x000000000315e4a0 sp=0x00000000576beaf0
Event: 14.513 Thread 0x0000000056cce800 DEOPT UNPACKING pc=0x000000000294582a sp=0x00000000576bea10 mode 2
Event: 14.513 Thread 0x0000000056cce800 Uncommon trap: trap_request=0xffffffc6 fr.pc=0x000000000315e4a0
Event: 14.513 Thread 0x0000000056cce800 DEOPT PACKING pc=0x000000000315e4a0 sp=0x00000000576beaf0
Event: 14.513 Thread 0x0000000056cce800 DEOPT UNPACKING pc=0x000000000294582a sp=0x00000000576bea10 mode 2


Dynamic libraries:
0x000000013f020000 - 0x000000013f057000 	C:\Program Files\Java\jdk1.8.0_73\bin\java.exe
0x0000000077140000 - 0x00000000772e9000 	C:\Windows\SYSTEM32\ntdll.dll
0x0000000077020000 - 0x000000007713f000 	C:\Windows\system32\kernel32.dll
0x000007fefd3b0000 - 0x000007fefd41b000 	C:\Windows\system32\KERNELBASE.dll
0x000007fefdae0000 - 0x000007fefdbbb000 	C:\Windows\system32\ADVAPI32.dll
0x000007fefd750000 - 0x000007fefd7ef000 	C:\Windows\system32\msvcrt.dll
0x000007fefd730000 - 0x000007fefd74f000 	C:\Windows\SYSTEM32\sechost.dll
0x000007fefd4d0000 - 0x000007fefd5fd000 	C:\Windows\system32\RPCRT4.dll
0x0000000076f20000 - 0x000000007701a000 	C:\Windows\system32\USER32.dll
0x000007fefd460000 - 0x000007fefd4c7000 	C:\Windows\system32\GDI32.dll
0x000007fefdbc0000 - 0x000007fefdbce000 	C:\Windows\system32\LPK.dll
0x000007fefdc30000 - 0x000007fefdcf9000 	C:\Windows\system32\USP10.dll
0x000007fefbb00000 - 0x000007fefbcf4000 	C:\Windows\WinSxS\amd64_microsoft.windows.common-controls_6595b64144ccf1df_6.0.7601.17514_none_fa396087175ac9ac\COMCTL32.dll
0x000007fefede0000 - 0x000007fefee51000 	C:\Windows\system32\SHLWAPI.dll
0x000007fefdda0000 - 0x000007fefddce000 	C:\Windows\system32\IMM32.DLL
0x000007fefd9d0000 - 0x000007fefdad9000 	C:\Windows\system32\MSCTF.dll
0x0000000073c20000 - 0x0000000073cf2000 	C:\Program Files\Java\jdk1.8.0_73\jre\bin\msvcr100.dll
0x00000000741e0000 - 0x0000000074a70000 	C:\Program Files\Java\jdk1.8.0_73\jre\bin\server\jvm.dll
0x000007fef16e0000 - 0x000007fef16e9000 	C:\Windows\system32\WSOCK32.dll
0x000007fefddd0000 - 0x000007fefde1d000 	C:\Windows\system32\WS2_32.dll
0x000007fefdfc0000 - 0x000007fefdfc8000 	C:\Windows\system32\NSI.dll
0x000007fefb4e0000 - 0x000007fefb51b000 	C:\Windows\system32\WINMM.dll
0x000007fefc1f0000 - 0x000007fefc1fc000 	C:\Windows\system32\VERSION.dll
0x0000000077310000 - 0x0000000077317000 	C:\Windows\system32\PSAPI.DLL
0x00000000741d0000 - 0x00000000741df000 	C:\Program Files\Java\jdk1.8.0_73\jre\bin\verify.dll
0x00000000741a0000 - 0x00000000741c9000 	C:\Program Files\Java\jdk1.8.0_73\jre\bin\java.dll
0x0000000074180000 - 0x0000000074196000 	C:\Program Files\Java\jdk1.8.0_73\jre\bin\zip.dll
0x000007fefdfd0000 - 0x000007fefed58000 	C:\Windows\system32\SHELL32.dll
0x000007fefee60000 - 0x000007feff063000 	C:\Windows\system32\ole32.dll
0x000007fefd090000 - 0x000007fefd09f000 	C:\Windows\system32\profapi.dll
0x000007fee6c80000 - 0x000007fee6da5000 	C:\Windows\system32\dbghelp.dll

VM Arguments:
jvm_args: -Djava.awt.headless=true -Xmx1024M -Dfile.encoding=windows-1252 -Duser.country=US -Duser.language=en -Duser.variant 
java_command: com.android.dx.command.Main --dex --force-jumbo --num-threads=4 --multi-dex --output E:\Workplace\ProperRatingBar-master\app\build\intermediates\transforms\dex\debug\folders\1000\10\internal_impl-23.1.1_38d7514867e2efd5a22e1b910256317455d395ce E:\Workplace\ProperRatingBar-master\app\build\intermediates\exploded-aar\com.android.support\support-v4\23.1.1\jars\libs\internal_impl-23.1.1.jar
java_class_path (initial): E:\AndroidStudio\an_studio_sdk\build-tools\23.0.3\lib\dx.jar
Launcher Type: SUN_STANDARD

Environment Variables:
PATH=C:\ProgramData\Oracle\Java\javapath;C:\Windows\system32;C:\Windows;C:\Windows\System32\Wbem;C:\Windows\System32\WindowsPowerShell\v1.0\;C:\Program Files\Java\jdk1.8.0_73\bin;E:\AndroidStudio\an_studio_sdk\platform-tools;
USERNAME=Sudheep
OS=Windows_NT
PROCESSOR_IDENTIFIER=Intel64 Family 6 Model 42 Stepping 7, GenuineIntel



---------------  S Y S T E M  ---------------

OS: Windows 7 , 64 bit Build 7601 (6.1.7601.17514)

CPU:total 4 (2 cores per cpu, 2 threads per core) family 6 model 42 stepping 7, cmov, cx8, fxsr, mmx, sse, sse2, sse3, ssse3, sse4.1, sse4.2, popcnt, avx, aes, clmul, ht, tsc, tscinvbit

Memory: 4k page, physical 4127088k(1105236k free), swap 8252332k(4432128k free)

vm_info: Java HotSpot(TM) 64-Bit Server VM (25.73-b02) for windows-amd64 JRE (1.8.0_73-b02), built on Jan 29 2016 17:38:49 by "java_re" with MS VC++ 10.0 (VS2010)

time: Mon Jun 06 21:20:38 2016
elapsed time: 14 seconds (0d 0h 0m 14s)

